<?xml version="1.0" encoding="UTF-8" ?>
<testsuite tests="1" failures="0" name="com.flywinter.MyTest" time="0.982" errors="0" skipped="0">
  <properties>
    <property name="idea.version" value="2021.1.2"/>
    <property name="java.runtime.name" value="OpenJDK Runtime Environment"/>
    <property name="java.vm.version" value="11+28"/>
    <property name="sun.boot.library.path" value="F:\Program Files\openjdk-11+28_windows-x64_bin\jdk-11\bin"/>
    <property name="maven.multiModuleProjectDirectory" value="E:\learnNote\maven\spring-study\spring-02-hellospring"/>
    <property name="java.vm.vendor" value="Oracle Corporation"/>
    <property name="java.vendor.url" value="http://java.oracle.com/"/>
    <property name="guice.disable.misplaced.annotation.check" value="true"/>
    <property name="path.separator" value=";"/>
    <property name="java.vm.name" value="OpenJDK 64-Bit Server VM"/>
    <property name="sun.os.patch.level" value=""/>
    <property name="user.script" value=""/>
    <property name="user.country" value="CN"/>
    <property name="sun.java.launcher" value="SUN_STANDARD"/>
    <property name="java.vm.specification.name" value="Java Virtual Machine Specification"/>
    <property name="user.dir" value="E:\learnNote\maven\spring-study\spring-02-hellospring"/>
    <property name="java.vm.compressedOopsMode" value="Zero based"/>
    <property name="java.runtime.version" value="11+28"/>
    <property name="java.awt.graphicsenv" value="sun.awt.Win32GraphicsEnvironment"/>
    <property name="os.arch" value="amd64"/>
    <property name="java.io.tmpdir" value="C:\Users\14757\AppData\Local\Temp\"/>
    <property name="line.separator" value="
"/>
    <property name="java.vm.specification.vendor" value="Oracle Corporation"/>
    <property name="user.variant" value=""/>
    <property name="os.name" value="Windows 10"/>
    <property name="maven.ext.class.path" value="F:\Program Files\JetBrains\IntelliJ IDEA 2020.2.1\plugins\maven\lib\maven-event-listener.jar"/>
    <property name="classworlds.conf" value="F:\Program Files\apache-maven-3.8.1\bin\m2.conf"/>
    <property name="sun.jnu.encoding" value="GBK"/>
    <property name="java.library.path" value="F:\Program Files\openjdk-11+28_windows-x64_bin\jdk-11\bin;C:\WINDOWS\Sun\Java\bin;C:\WINDOWS\system32;C:\WINDOWS;F:\app\14757\product\11.2.0\dbhome_1\bin;F:\Program Files\st_toolset\asm;C:\Program Files (x86)\NVIDIA Corporation\PhysX\Common;C:\Program Files (x86)\Common Files\Intel\Shared Libraries\redist\intel64\compiler;F:\Program Files\VMWare\VMware Player\bin\;C:\Program Files\Microsoft HPC Pack 2008 R2\Bin\;C:\WINDOWS\system32;C:\WINDOWS;C:\WINDOWS\System32\Wbem;C:\WINDOWS\System32\WindowsPowerShell\v1.0\;C:\WINDOWS\System32\OpenSSH\;F:\Program Files\Git\cmd;F:\Program Files\nodejs\;C:\ProgramData\chocolatey\bin;F:\Program Files\Matlab 2019a\runtime\win64;F:\Program Files\Matlab 2019a\bin;F:\Program Files\Matlab 2019a\polyspace\bin;C:\Program Files\Microsoft SQL Server\Client SDK\ODBC\110\Tools\Binn\;C:\Program Files (x86)\Microsoft SQL Server\120\Tools\Binn\;C:\Program Files\Microsoft SQL Server\120\Tools\Binn\;C:\Program Files\Microsoft SQL Server\120\DTS\Binn\;C:\Program Files (x86)\Windows Kits\8.1\Windows Performance Toolkit\;F:\Program Files\TortoiseSVN\bin;F:\Program Files\Python\Python3.8.5\Scripts\;F:\Program Files\Python\Python3.8.5\;C:\Users\14757\AppData\Local\Microsoft\WindowsApps;F:\Program Files\JetBrains\PyCharm 2020.2.1\bin;;F:\Program Files\JetBrains\WebStorm 2020.2.1\bin;;C:\Users\14757\AppData\Roaming\npm;F:\Program Files\mysql-8.0.21-winx64\bin\;F:\Program Files\openjdk-11+28_windows-x64_bin\jdk-11\bin;F:\Program Files\JetBrains\IntelliJ IDEA 2020.2.1\bin;;F:\Android\Sdk\platform-tools;F:\Program Files\Microsoft VS Code\bin;F:\Program Files\MinGW_64\mingw64\bin;F:\Program Files\spring-2.3.9.RELEASE\bin;F:\Program Files\apache-jmeter-5.4.1\bin;F:\Program Files\apache-maven-3.8.1\bin;;."/>
    <property name="maven.conf" value="F:\Program Files\apache-maven-3.8.1/conf"/>
    <property name="jdk.debug" value="release"/>
    <property name="java.class.version" value="55.0"/>
    <property name="java.specification.name" value="Java Platform API Specification"/>
    <property name="sun.management.compiler" value="HotSpot 64-Bit Tiered Compilers"/>
    <property name="maven.repo.local" value="F:\Program Files\apache-maven-3.8.1\repository"/>
    <property name="os.version" value="10.0"/>
    <property name="user.home" value="C:\Users\14757"/>
    <property name="user.timezone" value="Asia/Shanghai"/>
    <property name="java.awt.printerjob" value="sun.awt.windows.WPrinterJob"/>
    <property name="file.encoding" value="UTF-8"/>
    <property name="java.specification.version" value="11"/>
    <property name="user.name" value="14757"/>
    <property name="java.class.path" value="F:\Program Files\apache-maven-3.8.1\boot\plexus-classworlds-2.6.0.jar;F:\Program Files\apache-maven-3.8.1\boot\plexus-classworlds.license"/>
    <property name="java.vm.specification.version" value="11"/>
    <property name="sun.arch.data.model" value="64"/>
    <property name="sun.java.command" value="org.codehaus.classworlds.Launcher -Didea.version=2021.1.2 -s F:\Program Files\apache-maven-3.8.1\conf\settings.xml -Dmaven.repo.local=F:\Program Files\apache-maven-3.8.1\repository install"/>
    <property name="java.home" value="F:\Program Files\openjdk-11+28_windows-x64_bin\jdk-11"/>
    <property name="user.language" value="zh"/>
    <property name="java.specification.vendor" value="Oracle Corporation"/>
    <property name="awt.toolkit" value="sun.awt.windows.WToolkit"/>
    <property name="java.vm.info" value="mixed mode"/>
    <property name="java.version" value="11"/>
    <property name="java.vendor" value="Oracle Corporation"/>
    <property name="maven.home" value="F:\Program Files\apache-maven-3.8.1"/>
    <property name="file.separator" value="\"/>
    <property name="java.version.date" value="2018-09-25"/>
    <property name="java.vendor.url.bug" value="http://bugreport.java.com/bugreport/"/>
    <property name="sun.io.unicode.encoding" value="UnicodeLittle"/>
    <property name="sun.cpu.endian" value="little"/>
    <property name="java.vendor.version" value="18.9"/>
    <property name="sun.desktop" value="windows"/>
    <property name="sun.cpu.isalist" value="amd64"/>
  </properties>
  <testcase classname="com.flywinter.MyTest" name="test" time="0.982"/>
</testsuite>